2020-03-18 12:14:16,867 [Worker-0: Loading available Gradle versions] INFO  o.e.b.c.i.u.g.PublishedGradleVersions - Gradle version information cache is up-to-date. Trying to read.
2020-03-18 12:14:38,481 [Worker-5: Building workspace] INFO  o.e.m.c.i.l.LifecycleMappingFactory - Using org.eclipse.m2e.jdt.JarLifecycleMapping lifecycle mapping for MavenProject: com.example:buisnessProcess:0.0.1-SNAPSHOT @ H:\Documents\EISTI\ING3\SIE\TP1\buisnessProcess\buisnessProcess\pom.xml.
2020-03-18 12:14:41,368 [Worker-5: Building workspace] INFO  o.e.m.c.i.embedder.EclipseLogger - Using 'UTF-8' encoding to copy filtered resources.
2020-03-18 12:14:41,373 [Worker-5: Building workspace] INFO  o.e.m.c.i.embedder.EclipseLogger - Copying 2 resources
2020-03-18 12:14:41,397 [Worker-5: Building workspace] INFO  o.e.m.c.i.embedder.EclipseLogger - Copying 1 resource
2020-03-18 12:14:41,414 [Worker-5: Building workspace] INFO  o.e.m.c.i.embedder.EclipseLogger - Using 'UTF-8' encoding to copy filtered resources.
2020-03-18 12:14:41,415 [Worker-5: Building workspace] INFO  o.e.m.c.i.embedder.EclipseLogger - skip non existing resourceDirectory H:\Documents\EISTI\ING3\SIE\TP1\buisnessProcess\buisnessProcess\src\test\resources
2020-03-18 12:14:43,654 [Worker-6: Updating Maven Dependencies] INFO  o.e.m.c.i.l.LifecycleMappingFactory - Using org.eclipse.m2e.jdt.JarLifecycleMapping lifecycle mapping for MavenProject: com.example:buisnessProcess:0.0.1-SNAPSHOT @ H:\Documents\EISTI\ING3\SIE\TP1\buisnessProcess\buisnessProcess\pom.xml.
2020-03-18 12:14:46,009 [Worker-2: Building workspace] INFO  o.e.m.c.i.embedder.EclipseLogger - Using 'UTF-8' encoding to copy filtered resources.
2020-03-18 12:14:46,015 [Worker-2: Building workspace] INFO  o.e.m.c.i.embedder.EclipseLogger - Copying 2 resources
2020-03-18 12:14:46,028 [Worker-2: Building workspace] INFO  o.e.m.c.i.embedder.EclipseLogger - Copying 1 resource
2020-03-18 12:14:46,048 [Worker-2: Building workspace] INFO  o.e.m.c.i.embedder.EclipseLogger - Using 'UTF-8' encoding to copy filtered resources.
2020-03-18 12:14:46,048 [Worker-2: Building workspace] INFO  o.e.m.c.i.embedder.EclipseLogger - skip non existing resourceDirectory H:\Documents\EISTI\ING3\SIE\TP1\buisnessProcess\buisnessProcess\src\test\resources
2020-03-18 12:14:48,913 [Worker-11: Building workspace] INFO  o.e.m.c.i.embedder.EclipseLogger - Using 'UTF-8' encoding to copy filtered resources.
2020-03-18 12:14:48,913 [Worker-11: Building workspace] INFO  o.e.m.c.i.embedder.EclipseLogger - Copying 0 resource
2020-03-18 12:14:48,914 [Worker-11: Building workspace] INFO  o.e.m.c.i.embedder.EclipseLogger - Copying 0 resource
2020-03-18 12:14:48,917 [Worker-11: Building workspace] INFO  o.e.m.c.i.embedder.EclipseLogger - Using 'UTF-8' encoding to copy filtered resources.
2020-03-18 12:14:48,917 [Worker-11: Building workspace] INFO  o.e.m.c.i.embedder.EclipseLogger - skip non existing resourceDirectory H:\Documents\EISTI\ING3\SIE\TP1\buisnessProcess\buisnessProcess\src\test\resources
2020-03-18 12:14:49,995 [Worker-4: Building workspace] INFO  o.e.m.c.i.embedder.EclipseLogger - Using 'UTF-8' encoding to copy filtered resources.
2020-03-18 12:14:49,995 [Worker-4: Building workspace] INFO  o.e.m.c.i.embedder.EclipseLogger - Copying 0 resource
2020-03-18 12:14:49,996 [Worker-4: Building workspace] INFO  o.e.m.c.i.embedder.EclipseLogger - Copying 0 resource
2020-03-18 12:14:49,998 [Worker-4: Building workspace] INFO  o.e.m.c.i.embedder.EclipseLogger - Using 'UTF-8' encoding to copy filtered resources.
2020-03-18 12:14:49,998 [Worker-4: Building workspace] INFO  o.e.m.c.i.embedder.EclipseLogger - skip non existing resourceDirectory H:\Documents\EISTI\ING3\SIE\TP1\buisnessProcess\buisnessProcess\src\test\resources
2020-03-18 12:15:54,509 [Worker-5: Building Workspace] INFO  o.e.m.c.i.embedder.EclipseLogger - Using 'UTF-8' encoding to copy filtered resources.
2020-03-18 12:15:54,511 [Worker-5: Building Workspace] INFO  o.e.m.c.i.embedder.EclipseLogger - Copying 2 resources
2020-03-18 12:15:54,516 [Worker-5: Building Workspace] INFO  o.e.m.c.i.embedder.EclipseLogger - Copying 1 resource
2020-03-18 12:15:54,521 [Worker-5: Building Workspace] INFO  o.e.m.c.i.embedder.EclipseLogger - Using 'UTF-8' encoding to copy filtered resources.
2020-03-18 12:15:54,522 [Worker-5: Building Workspace] INFO  o.e.m.c.i.embedder.EclipseLogger - skip non existing resourceDirectory H:\Documents\EISTI\ING3\SIE\TP1\buisnessProcess\buisnessProcess\src\test\resources
2020-03-18 12:16:37,533 [Worker-5: Building workspace] INFO  o.e.m.c.i.embedder.EclipseLogger - Using 'UTF-8' encoding to copy filtered resources.
2020-03-18 12:16:37,534 [Worker-5: Building workspace] INFO  o.e.m.c.i.embedder.EclipseLogger - Copying 0 resource
2020-03-18 12:16:37,534 [Worker-5: Building workspace] INFO  o.e.m.c.i.embedder.EclipseLogger - Copying 0 resource
2020-03-18 12:16:37,538 [Worker-5: Building workspace] INFO  o.e.m.c.i.embedder.EclipseLogger - Using 'UTF-8' encoding to copy filtered resources.
2020-03-18 12:16:37,539 [Worker-5: Building workspace] INFO  o.e.m.c.i.embedder.EclipseLogger - skip non existing resourceDirectory H:\Documents\EISTI\ING3\SIE\TP1\buisnessProcess\buisnessProcess\src\test\resources
2020-03-18 12:17:08,196 [Worker-8: Building workspace] INFO  o.e.m.c.i.embedder.EclipseLogger - Using 'UTF-8' encoding to copy filtered resources.
2020-03-18 12:17:08,196 [Worker-8: Building workspace] INFO  o.e.m.c.i.embedder.EclipseLogger - Copying 0 resource
2020-03-18 12:17:08,197 [Worker-8: Building workspace] INFO  o.e.m.c.i.embedder.EclipseLogger - Copying 0 resource
2020-03-18 12:17:08,201 [Worker-8: Building workspace] INFO  o.e.m.c.i.embedder.EclipseLogger - Using 'UTF-8' encoding to copy filtered resources.
2020-03-18 12:17:08,201 [Worker-8: Building workspace] INFO  o.e.m.c.i.embedder.EclipseLogger - skip non existing resourceDirectory H:\Documents\EISTI\ING3\SIE\TP1\buisnessProcess\buisnessProcess\src\test\resources
2020-03-18 12:17:16,026 [Worker-9: Building workspace] INFO  o.e.m.c.i.embedder.EclipseLogger - Using 'UTF-8' encoding to copy filtered resources.
2020-03-18 12:17:16,027 [Worker-9: Building workspace] INFO  o.e.m.c.i.embedder.EclipseLogger - Copying 2 resources
2020-03-18 12:17:16,030 [Worker-9: Building workspace] INFO  o.e.m.c.i.embedder.EclipseLogger - Copying 1 resource
2020-03-18 12:17:16,034 [Worker-9: Building workspace] INFO  o.e.m.c.i.embedder.EclipseLogger - Using 'UTF-8' encoding to copy filtered resources.
2020-03-18 12:17:16,034 [Worker-9: Building workspace] INFO  o.e.m.c.i.embedder.EclipseLogger - skip non existing resourceDirectory H:\Documents\EISTI\ING3\SIE\TP1\buisnessProcess\buisnessProcess\src\test\resources
2020-03-18 12:17:28,674 [Worker-8: Building workspace] INFO  o.e.m.c.i.embedder.EclipseLogger - Using 'UTF-8' encoding to copy filtered resources.
2020-03-18 12:17:28,674 [Worker-8: Building workspace] INFO  o.e.m.c.i.embedder.EclipseLogger - Copying 2 resources
2020-03-18 12:17:28,676 [Worker-8: Building workspace] INFO  o.e.m.c.i.embedder.EclipseLogger - Copying 1 resource
2020-03-18 12:17:28,680 [Worker-8: Building workspace] INFO  o.e.m.c.i.embedder.EclipseLogger - Using 'UTF-8' encoding to copy filtered resources.
2020-03-18 12:17:28,681 [Worker-8: Building workspace] INFO  o.e.m.c.i.embedder.EclipseLogger - skip non existing resourceDirectory H:\Documents\EISTI\ING3\SIE\TP1\buisnessProcess\buisnessProcess\src\test\resources
2020-03-18 12:17:49,716 [Worker-8: Building workspace] INFO  o.e.m.c.i.embedder.EclipseLogger - Using 'UTF-8' encoding to copy filtered resources.
2020-03-18 12:17:49,716 [Worker-8: Building workspace] INFO  o.e.m.c.i.embedder.EclipseLogger - Copying 0 resource
2020-03-18 12:17:49,716 [Worker-8: Building workspace] INFO  o.e.m.c.i.embedder.EclipseLogger - Copying 0 resource
2020-03-18 12:17:49,720 [Worker-8: Building workspace] INFO  o.e.m.c.i.embedder.EclipseLogger - Using 'UTF-8' encoding to copy filtered resources.
2020-03-18 12:17:49,721 [Worker-8: Building workspace] INFO  o.e.m.c.i.embedder.EclipseLogger - skip non existing resourceDirectory H:\Documents\EISTI\ING3\SIE\TP1\buisnessProcess\buisnessProcess\src\test\resources
2020-03-18 12:18:00,053 [Worker-12: Building workspace] INFO  o.e.m.c.i.embedder.EclipseLogger - Using 'UTF-8' encoding to copy filtered resources.
2020-03-18 12:18:00,054 [Worker-12: Building workspace] INFO  o.e.m.c.i.embedder.EclipseLogger - Copying 2 resources
2020-03-18 12:18:00,060 [Worker-12: Building workspace] INFO  o.e.m.c.i.embedder.EclipseLogger - Copying 1 resource
2020-03-18 12:18:00,064 [Worker-12: Building workspace] INFO  o.e.m.c.i.embedder.EclipseLogger - Using 'UTF-8' encoding to copy filtered resources.
2020-03-18 12:18:00,064 [Worker-12: Building workspace] INFO  o.e.m.c.i.embedder.EclipseLogger - skip non existing resourceDirectory H:\Documents\EISTI\ING3\SIE\TP1\buisnessProcess\buisnessProcess\src\test\resources
2020-03-18 12:18:13,396 [Worker-7: Building workspace] INFO  o.e.m.c.i.embedder.EclipseLogger - Using 'UTF-8' encoding to copy filtered resources.
2020-03-18 12:18:13,397 [Worker-7: Building workspace] INFO  o.e.m.c.i.embedder.EclipseLogger - Copying 2 resources
2020-03-18 12:18:13,401 [Worker-7: Building workspace] INFO  o.e.m.c.i.embedder.EclipseLogger - Copying 1 resource
2020-03-18 12:18:13,405 [Worker-7: Building workspace] INFO  o.e.m.c.i.embedder.EclipseLogger - Using 'UTF-8' encoding to copy filtered resources.
2020-03-18 12:18:13,405 [Worker-7: Building workspace] INFO  o.e.m.c.i.embedder.EclipseLogger - skip non existing resourceDirectory H:\Documents\EISTI\ING3\SIE\TP1\buisnessProcess\buisnessProcess\src\test\resources
2020-03-18 12:18:28,961 [Worker-5: Building workspace] INFO  o.e.m.c.i.embedder.EclipseLogger - Using 'UTF-8' encoding to copy filtered resources.
2020-03-18 12:18:28,961 [Worker-5: Building workspace] INFO  o.e.m.c.i.embedder.EclipseLogger - Copying 0 resource
2020-03-18 12:18:28,962 [Worker-5: Building workspace] INFO  o.e.m.c.i.embedder.EclipseLogger - Copying 0 resource
2020-03-18 12:18:28,965 [Worker-5: Building workspace] INFO  o.e.m.c.i.embedder.EclipseLogger - Using 'UTF-8' encoding to copy filtered resources.
2020-03-18 12:18:28,966 [Worker-5: Building workspace] INFO  o.e.m.c.i.embedder.EclipseLogger - skip non existing resourceDirectory H:\Documents\EISTI\ING3\SIE\TP1\buisnessProcess\buisnessProcess\src\test\resources
2020-03-18 12:18:45,244 [Worker-2: Building workspace] INFO  o.e.m.c.i.embedder.EclipseLogger - Using 'UTF-8' encoding to copy filtered resources.
2020-03-18 12:18:45,245 [Worker-2: Building workspace] INFO  o.e.m.c.i.embedder.EclipseLogger - Copying 2 resources
2020-03-18 12:18:45,248 [Worker-2: Building workspace] INFO  o.e.m.c.i.embedder.EclipseLogger - Copying 1 resource
2020-03-18 12:18:45,250 [Worker-2: Building workspace] INFO  o.e.m.c.i.embedder.EclipseLogger - Using 'UTF-8' encoding to copy filtered resources.
2020-03-18 12:18:45,251 [Worker-2: Building workspace] INFO  o.e.m.c.i.embedder.EclipseLogger - skip non existing resourceDirectory H:\Documents\EISTI\ING3\SIE\TP1\buisnessProcess\buisnessProcess\src\test\resources
2020-03-18 12:19:07,993 [Worker-8: Building workspace] INFO  o.e.m.c.i.embedder.EclipseLogger - Using 'UTF-8' encoding to copy filtered resources.
2020-03-18 12:19:07,994 [Worker-8: Building workspace] INFO  o.e.m.c.i.embedder.EclipseLogger - Copying 2 resources
2020-03-18 12:19:08,000 [Worker-8: Building workspace] INFO  o.e.m.c.i.embedder.EclipseLogger - Copying 1 resource
2020-03-18 12:19:08,018 [Worker-8: Building workspace] INFO  o.e.m.c.i.embedder.EclipseLogger - Using 'UTF-8' encoding to copy filtered resources.
2020-03-18 12:19:08,019 [Worker-8: Building workspace] INFO  o.e.m.c.i.embedder.EclipseLogger - skip non existing resourceDirectory H:\Documents\EISTI\ING3\SIE\TP1\buisnessProcess\buisnessProcess\src\test\resources
2020-03-18 12:19:14,938 [Worker-1: Building workspace] INFO  o.e.m.c.i.embedder.EclipseLogger - Using 'UTF-8' encoding to copy filtered resources.
2020-03-18 12:19:14,939 [Worker-1: Building workspace] INFO  o.e.m.c.i.embedder.EclipseLogger - Copying 2 resources
2020-03-18 12:19:14,944 [Worker-1: Building workspace] INFO  o.e.m.c.i.embedder.EclipseLogger - Copying 1 resource
2020-03-18 12:19:14,949 [Worker-1: Building workspace] INFO  o.e.m.c.i.embedder.EclipseLogger - Using 'UTF-8' encoding to copy filtered resources.
2020-03-18 12:19:14,949 [Worker-1: Building workspace] INFO  o.e.m.c.i.embedder.EclipseLogger - skip non existing resourceDirectory H:\Documents\EISTI\ING3\SIE\TP1\buisnessProcess\buisnessProcess\src\test\resources
2020-03-18 12:19:32,595 [Worker-5: Building workspace] INFO  o.e.m.c.i.embedder.EclipseLogger - Using 'UTF-8' encoding to copy filtered resources.
2020-03-18 12:19:32,596 [Worker-5: Building workspace] INFO  o.e.m.c.i.embedder.EclipseLogger - Copying 2 resources
2020-03-18 12:19:32,599 [Worker-5: Building workspace] INFO  o.e.m.c.i.embedder.EclipseLogger - Copying 1 resource
2020-03-18 12:19:32,603 [Worker-5: Building workspace] INFO  o.e.m.c.i.embedder.EclipseLogger - Using 'UTF-8' encoding to copy filtered resources.
2020-03-18 12:19:32,603 [Worker-5: Building workspace] INFO  o.e.m.c.i.embedder.EclipseLogger - skip non existing resourceDirectory H:\Documents\EISTI\ING3\SIE\TP1\buisnessProcess\buisnessProcess\src\test\resources
2020-03-18 12:19:40,957 [Worker-2: Building workspace] INFO  o.e.m.c.i.embedder.EclipseLogger - Using 'UTF-8' encoding to copy filtered resources.
2020-03-18 12:19:40,959 [Worker-2: Building workspace] INFO  o.e.m.c.i.embedder.EclipseLogger - Copying 2 resources
2020-03-18 12:19:40,966 [Worker-2: Building workspace] INFO  o.e.m.c.i.embedder.EclipseLogger - Copying 1 resource
2020-03-18 12:19:40,971 [Worker-2: Building workspace] INFO  o.e.m.c.i.embedder.EclipseLogger - Using 'UTF-8' encoding to copy filtered resources.
2020-03-18 12:19:40,971 [Worker-2: Building workspace] INFO  o.e.m.c.i.embedder.EclipseLogger - skip non existing resourceDirectory H:\Documents\EISTI\ING3\SIE\TP1\buisnessProcess\buisnessProcess\src\test\resources
2020-03-18 12:19:56,805 [Worker-1: Building workspace] INFO  o.e.m.c.i.embedder.EclipseLogger - Using 'UTF-8' encoding to copy filtered resources.
2020-03-18 12:19:56,806 [Worker-1: Building workspace] INFO  o.e.m.c.i.embedder.EclipseLogger - Copying 2 resources
2020-03-18 12:19:56,809 [Worker-1: Building workspace] INFO  o.e.m.c.i.embedder.EclipseLogger - Copying 1 resource
2020-03-18 12:19:56,811 [Worker-1: Building workspace] INFO  o.e.m.c.i.embedder.EclipseLogger - Using 'UTF-8' encoding to copy filtered resources.
2020-03-18 12:19:56,811 [Worker-1: Building workspace] INFO  o.e.m.c.i.embedder.EclipseLogger - skip non existing resourceDirectory H:\Documents\EISTI\ING3\SIE\TP1\buisnessProcess\buisnessProcess\src\test\resources
2020-03-18 12:24:51,757 [Worker-3: Building workspace] INFO  o.e.m.c.i.embedder.EclipseLogger - Using 'UTF-8' encoding to copy filtered resources.
2020-03-18 12:24:51,758 [Worker-3: Building workspace] INFO  o.e.m.c.i.embedder.EclipseLogger - Copying 2 resources
2020-03-18 12:24:51,763 [Worker-3: Building workspace] INFO  o.e.m.c.i.embedder.EclipseLogger - Copying 1 resource
2020-03-18 12:24:51,768 [Worker-3: Building workspace] INFO  o.e.m.c.i.embedder.EclipseLogger - Using 'UTF-8' encoding to copy filtered resources.
2020-03-18 12:24:51,768 [Worker-3: Building workspace] INFO  o.e.m.c.i.embedder.EclipseLogger - skip non existing resourceDirectory H:\Documents\EISTI\ING3\SIE\TP1\buisnessProcess\buisnessProcess\src\test\resources
2020-03-18 12:24:54,223 [Worker-11: Building workspace] INFO  o.e.m.c.i.embedder.EclipseLogger - Using 'UTF-8' encoding to copy filtered resources.
2020-03-18 12:24:54,224 [Worker-11: Building workspace] INFO  o.e.m.c.i.embedder.EclipseLogger - Copying 2 resources
2020-03-18 12:24:54,227 [Worker-11: Building workspace] INFO  o.e.m.c.i.embedder.EclipseLogger - Copying 1 resource
2020-03-18 12:24:54,230 [Worker-11: Building workspace] INFO  o.e.m.c.i.embedder.EclipseLogger - Using 'UTF-8' encoding to copy filtered resources.
2020-03-18 12:24:54,230 [Worker-11: Building workspace] INFO  o.e.m.c.i.embedder.EclipseLogger - skip non existing resourceDirectory H:\Documents\EISTI\ING3\SIE\TP1\buisnessProcess\buisnessProcess\src\test\resources
2020-03-18 12:26:25,101 [main] INFO  o.e.m2e.actions.ExecutePomAction - Creating new launch configuration
2020-03-18 12:26:33,835 [main] INFO  o.e.m2e.actions.ExecutePomAction - Creating new launch configuration
2020-03-18 12:26:36,522 [Worker-9: Launching buisnessProcess (1)] INFO  o.e.m.i.launch.MavenLaunchDelegate - H:\Documents\EISTI\ING3\SIE\TP1\buisnessProcess\buisnessProcess
2020-03-18 12:26:36,523 [Worker-9: Launching buisnessProcess (1)] INFO  o.e.m.i.launch.MavenLaunchDelegate -  mvn -B 
2020-03-18 12:26:58,814 [Worker-5: Launching buisnessProcess (1)] INFO  o.e.m.i.launch.MavenLaunchDelegate - H:\Documents\EISTI\ING3\SIE\TP1\buisnessProcess\buisnessProcess
2020-03-18 12:26:58,815 [Worker-5: Launching buisnessProcess (1)] INFO  o.e.m.i.launch.MavenLaunchDelegate -  mvn -B 
2020-03-18 12:27:09,499 [main] INFO  o.e.m2e.actions.ExecutePomAction - Creating new launch configuration
2020-03-18 13:19:00,107 [Worker-14: Launching buisnessProcess] INFO  o.e.m.i.launch.MavenLaunchDelegate - H:\Documents\EISTI\ING3\SIE\TP1\buisnessProcess\buisnessProcess
2020-03-18 13:19:00,107 [Worker-14: Launching buisnessProcess] INFO  o.e.m.i.launch.MavenLaunchDelegate -  mvn -B 
2020-03-18 13:19:28,469 [Worker-5: Launching buisnessProcess] INFO  o.e.m.i.launch.MavenLaunchDelegate - H:\Documents\EISTI\ING3\SIE\TP1\buisnessProcess\buisnessProcess
2020-03-18 13:19:28,470 [Worker-5: Launching buisnessProcess] INFO  o.e.m.i.launch.MavenLaunchDelegate -  mvn -B springboot:run
2020-03-18 13:20:48,353 [Worker-3: Launching buisnessProcess (1)] INFO  o.e.m.i.launch.MavenLaunchDelegate - H:\Documents\EISTI\ING3\SIE\TP1\buisnessProcess\buisnessProcess
2020-03-18 13:20:48,354 [Worker-3: Launching buisnessProcess (1)] INFO  o.e.m.i.launch.MavenLaunchDelegate -  mvn -B springboot:run
2020-03-18 13:20:48,354 [Worker-3: Launching buisnessProcess (1)] WARN  o.e.m.i.l.MavenLaunchExtensionsSupport - Unknown or unsupported source locator org.eclipse.jdt.internal.launching.sourcelookup.advanced.AdvancedSourceLookupDirector
2020-03-18 13:40:34,566 [Worker-5: Launching buisnessProcess] INFO  o.e.m.i.launch.MavenLaunchDelegate - H:\Documents\EISTI\ING3\SIE\TP1\buisnessProcess\buisnessProcess
2020-03-18 13:40:34,566 [Worker-5: Launching buisnessProcess] INFO  o.e.m.i.launch.MavenLaunchDelegate -  mvn -B springboot:run
2020-03-18 13:40:39,293 [Worker-5: Launching buisnessProcess] INFO  o.e.m.i.launch.MavenLaunchDelegate - H:\Documents\EISTI\ING3\SIE\TP1\buisnessProcess\buisnessProcess
2020-03-18 13:40:39,294 [Worker-5: Launching buisnessProcess] INFO  o.e.m.i.launch.MavenLaunchDelegate -  mvn -B springboot:run
2020-03-18 13:40:53,900 [main] INFO  o.e.m2e.actions.ExecutePomAction - Creating new launch configuration
2020-03-18 13:41:00,491 [Worker-5: Launching buisnessProcess (3)] INFO  o.e.m.i.launch.MavenLaunchDelegate - H:\Documents\EISTI\ING3\SIE\TP1\buisnessProcess\buisnessProcess
2020-03-18 13:41:00,491 [Worker-5: Launching buisnessProcess (3)] INFO  o.e.m.i.launch.MavenLaunchDelegate -  mvn -B spring-boot:run
2020-03-18 13:59:27,334 [Worker-5: Loading available Gradle versions] INFO  o.e.b.c.i.u.g.PublishedGradleVersions - Gradle version information cache is up-to-date. Trying to read.
2020-03-18 14:01:53,014 [main] INFO  o.e.m2e.actions.ExecutePomAction - Creating new launch configuration
2020-03-18 14:02:06,155 [Worker-4: Launching buisnessProcess (4)] INFO  o.e.m.i.launch.MavenLaunchDelegate - H:\Documents\EISTI\ING3\SIE\TP1\buisnessProcess\buisnessProcess
2020-03-18 14:02:06,179 [Worker-4: Launching buisnessProcess (4)] INFO  o.e.m.i.launch.MavenLaunchDelegate -  mvn -B spring-boot:run
2020-03-18 14:32:30,915 [Worker-16: Launching Executing clean in H__Documents_EISTI_ING3_SIE_TP1_buisnessProcess_buisnessProcess] INFO  o.e.m.i.launch.MavenLaunchDelegate - H:\Documents\EISTI\ING3\SIE\TP1\buisnessProcess\buisnessProcess
2020-03-18 14:32:30,915 [Worker-16: Launching Executing clean in H__Documents_EISTI_ING3_SIE_TP1_buisnessProcess_buisnessProcess] INFO  o.e.m.i.launch.MavenLaunchDelegate -  mvn -B clean
2020-03-18 14:32:44,572 [Worker-14: Building workspace] INFO  o.e.m.c.i.embedder.EclipseLogger - Using 'UTF-8' encoding to copy filtered resources.
2020-03-18 14:32:44,584 [Worker-14: Building workspace] INFO  o.e.m.c.i.embedder.EclipseLogger - Copying 2 resources
2020-03-18 14:32:44,601 [Worker-14: Building workspace] INFO  o.e.m.c.i.embedder.EclipseLogger - Copying 1 resource
2020-03-18 14:32:44,633 [Worker-14: Building workspace] INFO  o.e.m.c.i.embedder.EclipseLogger - Using 'UTF-8' encoding to copy filtered resources.
2020-03-18 14:32:44,633 [Worker-14: Building workspace] INFO  o.e.m.c.i.embedder.EclipseLogger - skip non existing resourceDirectory H:\Documents\EISTI\ING3\SIE\TP1\buisnessProcess\buisnessProcess\src\test\resources
2020-03-18 14:32:47,632 [main] INFO  o.e.m2e.actions.ExecutePomAction - Creating new launch configuration
2020-03-18 14:32:56,766 [Worker-8: Launching buisnessProcess (5)] INFO  o.e.m.i.launch.MavenLaunchDelegate - H:\Documents\EISTI\ING3\SIE\TP1\buisnessProcess\buisnessProcess
2020-03-18 14:32:56,766 [Worker-8: Launching buisnessProcess (5)] INFO  o.e.m.i.launch.MavenLaunchDelegate -  mvn -B mvn spring-boot:run
2020-03-18 14:33:09,952 [main] INFO  o.e.m2e.actions.ExecutePomAction - Creating new launch configuration
2020-03-18 14:33:16,443 [Worker-15: Launching buisnessProcess (6)] INFO  o.e.m.i.launch.MavenLaunchDelegate - H:\Documents\EISTI\ING3\SIE\TP1\buisnessProcess\buisnessProcess
2020-03-18 14:33:16,443 [Worker-15: Launching buisnessProcess (6)] INFO  o.e.m.i.launch.MavenLaunchDelegate -  mvn -B spring-boot:run
2020-03-18 14:35:05,700 [main] INFO  o.e.m2e.actions.ExecutePomAction - Creating new launch configuration
2020-03-18 14:35:12,002 [Worker-16: Launching buisnessProcess (7)] INFO  o.e.m.i.launch.MavenLaunchDelegate - H:\Documents\EISTI\ING3\SIE\TP1\buisnessProcess\buisnessProcess
2020-03-18 14:35:12,002 [Worker-16: Launching buisnessProcess (7)] INFO  o.e.m.i.launch.MavenLaunchDelegate -  mvn -B spring-boot:run
2020-03-18 15:02:06,181 [Worker-21: Building workspace] INFO  o.e.m.c.i.embedder.EclipseLogger - Using 'UTF-8' encoding to copy filtered resources.
2020-03-18 15:02:06,218 [Worker-21: Building workspace] INFO  o.e.m.c.i.embedder.EclipseLogger - Copying 2 resources
2020-03-18 15:02:06,226 [Worker-21: Building workspace] INFO  o.e.m.c.i.embedder.EclipseLogger - Copying 1 resource
2020-03-18 15:02:06,239 [Worker-21: Building workspace] INFO  o.e.m.c.i.embedder.EclipseLogger - Using 'UTF-8' encoding to copy filtered resources.
2020-03-18 15:02:06,239 [Worker-21: Building workspace] INFO  o.e.m.c.i.embedder.EclipseLogger - skip non existing resourceDirectory H:\Documents\EISTI\ING3\SIE\TP1\buisnessProcess\buisnessProcess\src\test\resources
2020-03-18 15:02:44,723 [Worker-23: Building workspace] INFO  o.e.m.c.i.embedder.EclipseLogger - Using 'UTF-8' encoding to copy filtered resources.
2020-03-18 15:02:44,724 [Worker-23: Building workspace] INFO  o.e.m.c.i.embedder.EclipseLogger - Copying 2 resources
2020-03-18 15:02:44,726 [Worker-23: Building workspace] INFO  o.e.m.c.i.embedder.EclipseLogger - Copying 1 resource
2020-03-18 15:02:44,729 [Worker-23: Building workspace] INFO  o.e.m.c.i.embedder.EclipseLogger - Using 'UTF-8' encoding to copy filtered resources.
2020-03-18 15:02:44,729 [Worker-23: Building workspace] INFO  o.e.m.c.i.embedder.EclipseLogger - skip non existing resourceDirectory H:\Documents\EISTI\ING3\SIE\TP1\buisnessProcess\buisnessProcess\src\test\resources
2020-03-18 15:02:53,017 [Worker-21: Building workspace] INFO  o.e.m.c.i.embedder.EclipseLogger - Using 'UTF-8' encoding to copy filtered resources.
2020-03-18 15:02:53,017 [Worker-21: Building workspace] INFO  o.e.m.c.i.embedder.EclipseLogger - Copying 2 resources
2020-03-18 15:02:53,020 [Worker-21: Building workspace] INFO  o.e.m.c.i.embedder.EclipseLogger - Copying 1 resource
2020-03-18 15:02:53,022 [Worker-21: Building workspace] INFO  o.e.m.c.i.embedder.EclipseLogger - Using 'UTF-8' encoding to copy filtered resources.
2020-03-18 15:02:53,023 [Worker-21: Building workspace] INFO  o.e.m.c.i.embedder.EclipseLogger - skip non existing resourceDirectory H:\Documents\EISTI\ING3\SIE\TP1\buisnessProcess\buisnessProcess\src\test\resources
2020-03-18 15:04:41,039 [Worker-24: Building workspace] INFO  o.e.m.c.i.embedder.EclipseLogger - Using 'UTF-8' encoding to copy filtered resources.
2020-03-18 15:04:41,040 [Worker-24: Building workspace] INFO  o.e.m.c.i.embedder.EclipseLogger - Copying 2 resources
2020-03-18 15:04:41,045 [Worker-24: Building workspace] INFO  o.e.m.c.i.embedder.EclipseLogger - Copying 1 resource
2020-03-18 15:04:41,047 [Worker-24: Building workspace] INFO  o.e.m.c.i.embedder.EclipseLogger - Using 'UTF-8' encoding to copy filtered resources.
2020-03-18 15:04:41,047 [Worker-24: Building workspace] INFO  o.e.m.c.i.embedder.EclipseLogger - skip non existing resourceDirectory H:\Documents\EISTI\ING3\SIE\TP1\buisnessProcess\buisnessProcess\src\test\resources
2020-03-18 15:04:52,956 [Worker-16: Building workspace] INFO  o.e.m.c.i.embedder.EclipseLogger - Using 'UTF-8' encoding to copy filtered resources.
2020-03-18 15:04:52,956 [Worker-16: Building workspace] INFO  o.e.m.c.i.embedder.EclipseLogger - Copying 2 resources
2020-03-18 15:04:52,960 [Worker-16: Building workspace] INFO  o.e.m.c.i.embedder.EclipseLogger - Copying 1 resource
2020-03-18 15:04:52,963 [Worker-16: Building workspace] INFO  o.e.m.c.i.embedder.EclipseLogger - Using 'UTF-8' encoding to copy filtered resources.
2020-03-18 15:04:52,963 [Worker-16: Building workspace] INFO  o.e.m.c.i.embedder.EclipseLogger - skip non existing resourceDirectory H:\Documents\EISTI\ING3\SIE\TP1\buisnessProcess\buisnessProcess\src\test\resources
2020-03-18 15:15:12,509 [Worker-23: Building workspace] INFO  o.e.m.c.i.embedder.EclipseLogger - Using 'UTF-8' encoding to copy filtered resources.
2020-03-18 15:15:12,510 [Worker-23: Building workspace] INFO  o.e.m.c.i.embedder.EclipseLogger - Copying 2 resources
2020-03-18 15:15:12,515 [Worker-23: Building workspace] INFO  o.e.m.c.i.embedder.EclipseLogger - Copying 1 resource
2020-03-18 15:15:12,520 [Worker-23: Building workspace] INFO  o.e.m.c.i.embedder.EclipseLogger - Using 'UTF-8' encoding to copy filtered resources.
2020-03-18 15:15:12,520 [Worker-23: Building workspace] INFO  o.e.m.c.i.embedder.EclipseLogger - skip non existing resourceDirectory H:\Documents\EISTI\ING3\SIE\TP1\buisnessProcess\buisnessProcess\src\test\resources
2020-03-18 15:17:07,702 [Worker-20: Building workspace] INFO  o.e.m.c.i.embedder.EclipseLogger - Using 'UTF-8' encoding to copy filtered resources.
2020-03-18 15:17:07,703 [Worker-20: Building workspace] INFO  o.e.m.c.i.embedder.EclipseLogger - Copying 2 resources
2020-03-18 15:17:07,704 [Worker-20: Building workspace] INFO  o.e.m.c.i.embedder.EclipseLogger - Copying 1 resource
2020-03-18 15:17:07,708 [Worker-20: Building workspace] INFO  o.e.m.c.i.embedder.EclipseLogger - Using 'UTF-8' encoding to copy filtered resources.
2020-03-18 15:17:07,709 [Worker-20: Building workspace] INFO  o.e.m.c.i.embedder.EclipseLogger - skip non existing resourceDirectory H:\Documents\EISTI\ING3\SIE\TP1\buisnessProcess\buisnessProcess\src\test\resources
2020-03-18 15:18:04,493 [Worker-26: Building workspace] INFO  o.e.m.c.i.embedder.EclipseLogger - Using 'UTF-8' encoding to copy filtered resources.
2020-03-18 15:18:04,494 [Worker-26: Building workspace] INFO  o.e.m.c.i.embedder.EclipseLogger - Copying 2 resources
2020-03-18 15:18:04,496 [Worker-26: Building workspace] INFO  o.e.m.c.i.embedder.EclipseLogger - Copying 1 resource
2020-03-18 15:18:04,499 [Worker-26: Building workspace] INFO  o.e.m.c.i.embedder.EclipseLogger - Using 'UTF-8' encoding to copy filtered resources.
2020-03-18 15:18:04,499 [Worker-26: Building workspace] INFO  o.e.m.c.i.embedder.EclipseLogger - skip non existing resourceDirectory H:\Documents\EISTI\ING3\SIE\TP1\buisnessProcess\buisnessProcess\src\test\resources
2020-03-18 15:19:22,986 [Worker-27: Building workspace] INFO  o.e.m.c.i.embedder.EclipseLogger - Using 'UTF-8' encoding to copy filtered resources.
2020-03-18 15:19:22,987 [Worker-27: Building workspace] INFO  o.e.m.c.i.embedder.EclipseLogger - Copying 2 resources
2020-03-18 15:19:22,992 [Worker-27: Building workspace] INFO  o.e.m.c.i.embedder.EclipseLogger - Copying 1 resource
2020-03-18 15:19:22,996 [Worker-27: Building workspace] INFO  o.e.m.c.i.embedder.EclipseLogger - Using 'UTF-8' encoding to copy filtered resources.
2020-03-18 15:19:22,996 [Worker-27: Building workspace] INFO  o.e.m.c.i.embedder.EclipseLogger - skip non existing resourceDirectory H:\Documents\EISTI\ING3\SIE\TP1\buisnessProcess\buisnessProcess\src\test\resources
2020-03-18 15:19:40,897 [Worker-16: Building workspace] INFO  o.e.m.c.i.embedder.EclipseLogger - Using 'UTF-8' encoding to copy filtered resources.
2020-03-18 15:19:40,898 [Worker-16: Building workspace] INFO  o.e.m.c.i.embedder.EclipseLogger - Copying 2 resources
2020-03-18 15:19:40,900 [Worker-16: Building workspace] INFO  o.e.m.c.i.embedder.EclipseLogger - Copying 1 resource
2020-03-18 15:19:40,903 [Worker-16: Building workspace] INFO  o.e.m.c.i.embedder.EclipseLogger - Using 'UTF-8' encoding to copy filtered resources.
2020-03-18 15:19:40,904 [Worker-16: Building workspace] INFO  o.e.m.c.i.embedder.EclipseLogger - skip non existing resourceDirectory H:\Documents\EISTI\ING3\SIE\TP1\buisnessProcess\buisnessProcess\src\test\resources
2020-03-18 15:19:57,654 [Worker-27: Building workspace] INFO  o.e.m.c.i.embedder.EclipseLogger - Using 'UTF-8' encoding to copy filtered resources.
2020-03-18 15:19:57,655 [Worker-27: Building workspace] INFO  o.e.m.c.i.embedder.EclipseLogger - Copying 2 resources
2020-03-18 15:19:57,658 [Worker-27: Building workspace] INFO  o.e.m.c.i.embedder.EclipseLogger - Copying 1 resource
2020-03-18 15:19:57,661 [Worker-27: Building workspace] INFO  o.e.m.c.i.embedder.EclipseLogger - Using 'UTF-8' encoding to copy filtered resources.
2020-03-18 15:19:57,661 [Worker-27: Building workspace] INFO  o.e.m.c.i.embedder.EclipseLogger - skip non existing resourceDirectory H:\Documents\EISTI\ING3\SIE\TP1\buisnessProcess\buisnessProcess\src\test\resources
2020-03-18 15:20:34,748 [Worker-16: Building workspace] INFO  o.e.m.c.i.embedder.EclipseLogger - Using 'UTF-8' encoding to copy filtered resources.
2020-03-18 15:20:34,750 [Worker-16: Building workspace] INFO  o.e.m.c.i.embedder.EclipseLogger - Copying 0 resource
2020-03-18 15:20:34,751 [Worker-16: Building workspace] INFO  o.e.m.c.i.embedder.EclipseLogger - Copying 0 resource
2020-03-18 15:20:34,755 [Worker-16: Building workspace] INFO  o.e.m.c.i.embedder.EclipseLogger - Using 'UTF-8' encoding to copy filtered resources.
2020-03-18 15:20:34,755 [Worker-16: Building workspace] INFO  o.e.m.c.i.embedder.EclipseLogger - skip non existing resourceDirectory H:\Documents\EISTI\ING3\SIE\TP1\buisnessProcess\buisnessProcess\src\test\resources
2020-03-18 15:20:35,792 [Worker-20: Building workspace] INFO  o.e.m.c.i.embedder.EclipseLogger - Using 'UTF-8' encoding to copy filtered resources.
2020-03-18 15:20:35,792 [Worker-20: Building workspace] INFO  o.e.m.c.i.embedder.EclipseLogger - Copying 0 resource
2020-03-18 15:20:35,793 [Worker-20: Building workspace] INFO  o.e.m.c.i.embedder.EclipseLogger - Copying 1 resource
2020-03-18 15:20:35,797 [Worker-20: Building workspace] INFO  o.e.m.c.i.embedder.EclipseLogger - Using 'UTF-8' encoding to copy filtered resources.
2020-03-18 15:20:35,797 [Worker-20: Building workspace] INFO  o.e.m.c.i.embedder.EclipseLogger - skip non existing resourceDirectory H:\Documents\EISTI\ING3\SIE\TP1\buisnessProcess\buisnessProcess\src\test\resources
2020-03-18 15:20:51,725 [Worker-20: Building workspace] INFO  o.e.m.c.i.embedder.EclipseLogger - Using 'UTF-8' encoding to copy filtered resources.
2020-03-18 15:20:51,726 [Worker-20: Building workspace] INFO  o.e.m.c.i.embedder.EclipseLogger - Copying 0 resource
2020-03-18 15:20:51,727 [Worker-20: Building workspace] INFO  o.e.m.c.i.embedder.EclipseLogger - Copying 1 resource
2020-03-18 15:20:51,749 [Worker-20: Building workspace] INFO  o.e.m.c.i.embedder.EclipseLogger - Using 'UTF-8' encoding to copy filtered resources.
2020-03-18 15:20:51,749 [Worker-20: Building workspace] INFO  o.e.m.c.i.embedder.EclipseLogger - skip non existing resourceDirectory H:\Documents\EISTI\ING3\SIE\TP1\buisnessProcess\buisnessProcess\src\test\resources
2020-03-18 15:22:00,558 [Worker-25: Launching Executing clean in H__Documents_EISTI_ING3_SIE_TP1_buisnessProcess_buisnessProcess] INFO  o.e.m.i.launch.MavenLaunchDelegate - H:\Documents\EISTI\ING3\SIE\TP1\buisnessProcess\buisnessProcess
2020-03-18 15:22:00,558 [Worker-25: Launching Executing clean in H__Documents_EISTI_ING3_SIE_TP1_buisnessProcess_buisnessProcess] INFO  o.e.m.i.launch.MavenLaunchDelegate -  mvn -B clean
2020-03-18 15:22:04,851 [Worker-20: Building workspace] INFO  o.e.m.c.i.embedder.EclipseLogger - Using 'UTF-8' encoding to copy filtered resources.
2020-03-18 15:22:04,853 [Worker-20: Building workspace] INFO  o.e.m.c.i.embedder.EclipseLogger - Copying 2 resources
2020-03-18 15:22:04,860 [Worker-20: Building workspace] INFO  o.e.m.c.i.embedder.EclipseLogger - Copying 2 resources
2020-03-18 15:22:04,923 [Worker-20: Building workspace] INFO  o.e.m.c.i.embedder.EclipseLogger - Using 'UTF-8' encoding to copy filtered resources.
2020-03-18 15:22:04,923 [Worker-20: Building workspace] INFO  o.e.m.c.i.embedder.EclipseLogger - skip non existing resourceDirectory H:\Documents\EISTI\ING3\SIE\TP1\buisnessProcess\buisnessProcess\src\test\resources
2020-03-18 15:22:13,233 [main] INFO  o.e.m2e.actions.ExecutePomAction - Creating new launch configuration
2020-03-18 15:22:34,379 [Worker-20: Launching buisnessProcess (8)] INFO  o.e.m.i.launch.MavenLaunchDelegate - H:\Documents\EISTI\ING3\SIE\TP1\buisnessProcess\buisnessProcess
2020-03-18 15:22:34,380 [Worker-20: Launching buisnessProcess (8)] INFO  o.e.m.i.launch.MavenLaunchDelegate -  mvn -B spring-boot:run
2020-03-18 15:23:39,352 [Worker-16: Launching buisnessProcess (3)] INFO  o.e.m.i.launch.MavenLaunchDelegate - H:\Documents\EISTI\ING3\SIE\TP1\buisnessProcess\buisnessProcess
2020-03-18 15:23:39,353 [Worker-16: Launching buisnessProcess (3)] INFO  o.e.m.i.launch.MavenLaunchDelegate -  mvn -B spring-boot:run
2020-03-18 16:52:00,382 [Worker-31: Building workspace] INFO  o.e.m.c.i.embedder.EclipseLogger - Using 'UTF-8' encoding to copy filtered resources.
2020-03-18 16:52:00,383 [Worker-31: Building workspace] INFO  o.e.m.c.i.embedder.EclipseLogger - Copying 2 resources
2020-03-18 16:52:00,387 [Worker-31: Building workspace] INFO  o.e.m.c.i.embedder.EclipseLogger - Copying 2 resources
2020-03-18 16:52:00,392 [Worker-31: Building workspace] INFO  o.e.m.c.i.embedder.EclipseLogger - Using 'UTF-8' encoding to copy filtered resources.
2020-03-18 16:52:00,393 [Worker-31: Building workspace] INFO  o.e.m.c.i.embedder.EclipseLogger - skip non existing resourceDirectory H:\Documents\EISTI\ING3\SIE\TP1\buisnessProcess\buisnessProcess\src\test\resources
2020-03-24 11:55:18,710 [Worker-5: Loading available Gradle versions] INFO  o.e.b.c.i.u.g.PublishedGradleVersions - Gradle version information cache is out-of-date. Trying to update.
2020-03-24 11:56:14,516 [Worker-2: Building workspace] INFO  o.e.m.c.i.embedder.EclipseLogger - Using 'UTF-8' encoding to copy filtered resources.
2020-03-24 11:56:14,527 [Worker-2: Building workspace] INFO  o.e.m.c.i.embedder.EclipseLogger - Copying 2 resources
2020-03-24 11:56:14,551 [Worker-2: Building workspace] INFO  o.e.m.c.i.embedder.EclipseLogger - Copying 2 resources
2020-03-24 11:56:14,557 [Worker-2: Building workspace] INFO  o.e.m.c.i.embedder.EclipseLogger - Using 'UTF-8' encoding to copy filtered resources.
2020-03-24 11:56:14,558 [Worker-2: Building workspace] INFO  o.e.m.c.i.embedder.EclipseLogger - skip non existing resourceDirectory H:\Documents\EISTI\ING3\SIE\TP1\buisnessProcess\buisnessProcess\src\test\resources
2020-03-24 11:56:15,664 [Worker-10: Building workspace] INFO  o.e.m.c.i.embedder.EclipseLogger - Using 'UTF-8' encoding to copy filtered resources.
2020-03-24 11:56:15,668 [Worker-10: Building workspace] INFO  o.e.m.c.i.embedder.EclipseLogger - Copying 2 resources
2020-03-24 11:56:15,672 [Worker-10: Building workspace] INFO  o.e.m.c.i.embedder.EclipseLogger - Copying 2 resources
2020-03-24 11:56:15,675 [Worker-10: Building workspace] INFO  o.e.m.c.i.embedder.EclipseLogger - Using 'UTF-8' encoding to copy filtered resources.
2020-03-24 11:56:15,675 [Worker-10: Building workspace] INFO  o.e.m.c.i.embedder.EclipseLogger - skip non existing resourceDirectory H:\Documents\EISTI\ING3\SIE\TP1\buisnessProcess\buisnessProcess\src\test\resources
2020-03-24 11:56:26,380 [Worker-4: Building workspace] INFO  o.e.m.c.i.embedder.EclipseLogger - Using 'UTF-8' encoding to copy filtered resources.
2020-03-24 11:56:26,382 [Worker-4: Building workspace] INFO  o.e.m.c.i.embedder.EclipseLogger - Copying 2 resources
2020-03-24 11:56:26,386 [Worker-4: Building workspace] INFO  o.e.m.c.i.embedder.EclipseLogger - Copying 2 resources
2020-03-24 11:56:26,391 [Worker-4: Building workspace] INFO  o.e.m.c.i.embedder.EclipseLogger - Using 'UTF-8' encoding to copy filtered resources.
2020-03-24 11:56:26,391 [Worker-4: Building workspace] INFO  o.e.m.c.i.embedder.EclipseLogger - skip non existing resourceDirectory H:\Documents\EISTI\ING3\SIE\TP1\buisnessProcess\buisnessProcess\src\test\resources
2020-03-24 11:56:29,181 [Worker-5: Building workspace] INFO  o.e.m.c.i.embedder.EclipseLogger - Using 'UTF-8' encoding to copy filtered resources.
2020-03-24 11:56:29,183 [Worker-5: Building workspace] INFO  o.e.m.c.i.embedder.EclipseLogger - Copying 2 resources
2020-03-24 11:56:29,186 [Worker-5: Building workspace] INFO  o.e.m.c.i.embedder.EclipseLogger - Copying 2 resources
2020-03-24 11:56:29,189 [Worker-5: Building workspace] INFO  o.e.m.c.i.embedder.EclipseLogger - Using 'UTF-8' encoding to copy filtered resources.
2020-03-24 11:56:29,190 [Worker-5: Building workspace] INFO  o.e.m.c.i.embedder.EclipseLogger - skip non existing resourceDirectory H:\Documents\EISTI\ING3\SIE\TP1\buisnessProcess\buisnessProcess\src\test\resources
2020-03-24 11:56:52,414 [Worker-11: Building workspace] INFO  o.e.m.c.i.embedder.EclipseLogger - Using 'UTF-8' encoding to copy filtered resources.
2020-03-24 11:56:52,415 [Worker-11: Building workspace] INFO  o.e.m.c.i.embedder.EclipseLogger - Copying 2 resources
2020-03-24 11:56:52,417 [Worker-11: Building workspace] INFO  o.e.m.c.i.embedder.EclipseLogger - Copying 2 resources
2020-03-24 11:56:52,459 [Worker-11: Building workspace] INFO  o.e.m.c.i.embedder.EclipseLogger - Using 'UTF-8' encoding to copy filtered resources.
2020-03-24 11:56:52,459 [Worker-11: Building workspace] INFO  o.e.m.c.i.embedder.EclipseLogger - skip non existing resourceDirectory H:\Documents\EISTI\ING3\SIE\TP1\buisnessProcess\buisnessProcess\src\test\resources
2020-03-24 11:57:03,963 [Worker-3: Building workspace] INFO  o.e.m.c.i.embedder.EclipseLogger - Using 'UTF-8' encoding to copy filtered resources.
2020-03-24 11:57:03,965 [Worker-3: Building workspace] INFO  o.e.m.c.i.embedder.EclipseLogger - Copying 2 resources
2020-03-24 11:57:03,967 [Worker-3: Building workspace] INFO  o.e.m.c.i.embedder.EclipseLogger - Copying 2 resources
2020-03-24 11:57:03,970 [Worker-3: Building workspace] INFO  o.e.m.c.i.embedder.EclipseLogger - Using 'UTF-8' encoding to copy filtered resources.
2020-03-24 11:57:03,970 [Worker-3: Building workspace] INFO  o.e.m.c.i.embedder.EclipseLogger - skip non existing resourceDirectory H:\Documents\EISTI\ING3\SIE\TP1\buisnessProcess\buisnessProcess\src\test\resources
2020-03-24 11:57:07,029 [Worker-9: Building workspace] INFO  o.e.m.c.i.embedder.EclipseLogger - Using 'UTF-8' encoding to copy filtered resources.
2020-03-24 11:57:07,029 [Worker-9: Building workspace] INFO  o.e.m.c.i.embedder.EclipseLogger - Copying 2 resources
2020-03-24 11:57:07,032 [Worker-9: Building workspace] INFO  o.e.m.c.i.embedder.EclipseLogger - Copying 2 resources
2020-03-24 11:57:07,035 [Worker-9: Building workspace] INFO  o.e.m.c.i.embedder.EclipseLogger - Using 'UTF-8' encoding to copy filtered resources.
2020-03-24 11:57:07,035 [Worker-9: Building workspace] INFO  o.e.m.c.i.embedder.EclipseLogger - skip non existing resourceDirectory H:\Documents\EISTI\ING3\SIE\TP1\buisnessProcess\buisnessProcess\src\test\resources
2020-03-24 11:57:29,832 [Worker-1: Building workspace] INFO  o.e.m.c.i.embedder.EclipseLogger - Using 'UTF-8' encoding to copy filtered resources.
2020-03-24 11:57:29,833 [Worker-1: Building workspace] INFO  o.e.m.c.i.embedder.EclipseLogger - Copying 2 resources
2020-03-24 11:57:29,836 [Worker-1: Building workspace] INFO  o.e.m.c.i.embedder.EclipseLogger - Copying 2 resources
2020-03-24 11:57:29,841 [Worker-1: Building workspace] INFO  o.e.m.c.i.embedder.EclipseLogger - Using 'UTF-8' encoding to copy filtered resources.
2020-03-24 11:57:29,841 [Worker-1: Building workspace] INFO  o.e.m.c.i.embedder.EclipseLogger - skip non existing resourceDirectory H:\Documents\EISTI\ING3\SIE\TP1\buisnessProcess\buisnessProcess\src\test\resources
2020-03-24 11:58:24,151 [Worker-13: Building workspace] INFO  o.e.m.c.i.embedder.EclipseLogger - Using 'UTF-8' encoding to copy filtered resources.
2020-03-24 11:58:24,152 [Worker-13: Building workspace] INFO  o.e.m.c.i.embedder.EclipseLogger - Copying 2 resources
2020-03-24 11:58:24,155 [Worker-13: Building workspace] INFO  o.e.m.c.i.embedder.EclipseLogger - Copying 2 resources
2020-03-24 11:58:24,157 [Worker-13: Building workspace] INFO  o.e.m.c.i.embedder.EclipseLogger - Using 'UTF-8' encoding to copy filtered resources.
2020-03-24 11:58:24,157 [Worker-13: Building workspace] INFO  o.e.m.c.i.embedder.EclipseLogger - skip non existing resourceDirectory H:\Documents\EISTI\ING3\SIE\TP1\buisnessProcess\buisnessProcess\src\test\resources
2020-03-24 12:00:21,337 [Worker-8: Launching Executing clean in H__Documents_EISTI_ING3_SIE_TP1_buisnessProcess_buisnessProcess] INFO  o.e.m.i.launch.MavenLaunchDelegate - H:\Documents\EISTI\ING3\SIE\TP1\buisnessProcess\buisnessProcess
2020-03-24 12:00:21,341 [Worker-8: Launching Executing clean in H__Documents_EISTI_ING3_SIE_TP1_buisnessProcess_buisnessProcess] INFO  o.e.m.i.launch.MavenLaunchDelegate -  mvn -B clean
2020-03-24 12:00:25,693 [Worker-9: Building workspace] INFO  o.e.m.c.i.embedder.EclipseLogger - Using 'UTF-8' encoding to copy filtered resources.
2020-03-24 12:00:25,696 [Worker-9: Building workspace] INFO  o.e.m.c.i.embedder.EclipseLogger - Copying 2 resources
2020-03-24 12:00:25,704 [Worker-9: Building workspace] INFO  o.e.m.c.i.embedder.EclipseLogger - Copying 2 resources
2020-03-24 12:00:25,738 [Worker-9: Building workspace] INFO  o.e.m.c.i.embedder.EclipseLogger - Using 'UTF-8' encoding to copy filtered resources.
2020-03-24 12:00:25,738 [Worker-9: Building workspace] INFO  o.e.m.c.i.embedder.EclipseLogger - skip non existing resourceDirectory H:\Documents\EISTI\ING3\SIE\TP1\buisnessProcess\buisnessProcess\src\test\resources
2020-03-24 12:00:36,873 [Worker-11: Launching buisnessProcess (3)] INFO  o.e.m.i.launch.MavenLaunchDelegate - H:\Documents\EISTI\ING3\SIE\TP1\buisnessProcess\buisnessProcess
2020-03-24 12:00:36,887 [Worker-11: Launching buisnessProcess (3)] INFO  o.e.m.i.launch.MavenLaunchDelegate -  mvn -B spring-boot:run
